2024-10-10 19:48:02,204 [INFO] Activator:176 - 


2024-10-10 19:48:02,208 [INFO] Activator:177 - !SESSION log4j initialized
2024-10-10 19:48:04,856 [INFO] LogOutputStream:77 - [STDOUT_REDIRECT] 
2024-10-10 19:48:11,023 [INFO] ApplicationProperties:184 - Using Application install path: C:\ST\STM32CubeIDE_1.14.1\STM32CubeIDE\plugins\com.st.stm32cube.common.mx_6.10.0.202311202037
2024-10-10 19:48:11,034 [INFO] DbMcusXml:78 - Set database path to: C:\ST\STM32CubeIDE_1.14.1\STM32CubeIDE\plugins\com.st.stm32cube.common.mx_6.10.0.202311202037\\db\/mcu/
2024-10-10 19:48:11,034 [INFO] ApiDb:274 - Set plugin database path to: C:\ST\STM32CubeIDE_1.14.1\STM32CubeIDE\plugins\com.st.stm32cube.common.mx_6.10.0.202311202037\\db\/plugins/boardmanager/
2024-10-10 19:48:11,036 [WARN] ApiDb:259 - Overriding images path with different value:  => C:\ST\STM32CubeIDE_1.14.1\STM32CubeIDE\plugins\com.st.stm32cube.common.mx_6.10.0.202311202037\\db\/plugins/mcufinder/images/
2024-10-10 19:48:11,039 [INFO] ApiDb:250 - Set database path to: C:\Users\ADMIN\.stmcufinder\plugins\mcufinder//mcu/
2024-10-10 19:48:11,040 [INFO] DbMcusAds:125 - Set database path to: C:\Users\ADMIN\.stmcufinder\plugins\mcufinder//mcu/
2024-10-10 19:48:11,041 [INFO] CrossReferenceDbSqlite:203 - Set database path to: C:\Users\ADMIN\.stmcufinder\plugins\mcufinder//mcu/cs/
2024-10-10 19:48:11,098 [INFO] RulesReader:64 - Compatibility file has been processed (297 Rules)
2024-10-10 19:48:11,152 [INFO] DbMcusXml:78 - Set database path to: C:\ST\STM32CubeIDE_1.14.1\STM32CubeIDE\plugins\com.st.stm32cube.common.mx_6.10.0.202311202037\\db\/mcu/
2024-10-10 19:48:11,152 [INFO] ApiDb:274 - Set plugin database path to: C:\ST\STM32CubeIDE_1.14.1\STM32CubeIDE\plugins\com.st.stm32cube.common.mx_6.10.0.202311202037\\db\/plugins/boardmanager/
2024-10-10 19:48:11,153 [INFO] ApiDb:261 - Set plugin images path to: C:\ST\STM32CubeIDE_1.14.1\STM32CubeIDE\plugins\com.st.stm32cube.common.mx_6.10.0.202311202037\\db\/plugins/mcufinder/images/
2024-10-10 19:48:11,153 [WARN] DbFile:41 - Overriding database path with different value: C:\Users\ADMIN\.stmcufinder\plugins\mcufinder/ => C:\Users\ADMIN\.stmcufinder\plugins\mcufinder
2024-10-10 19:48:11,153 [INFO] ApiDb:250 - Set database path to: C:\Users\ADMIN\.stmcufinder\plugins\mcufinder//mcu/
2024-10-10 19:48:11,153 [WARN] DbFile:41 - Overriding database path with different value: C:\Users\ADMIN\.stmcufinder\plugins\mcufinder/ => C:\Users\ADMIN\.stmcufinder\plugins\mcufinder
2024-10-10 19:48:11,153 [INFO] DbMcusAds:125 - Set database path to: C:\Users\ADMIN\.stmcufinder\plugins\mcufinder//mcu/
2024-10-10 19:48:11,153 [WARN] DbFile:41 - Overriding database path with different value: C:\Users\ADMIN\.stmcufinder\plugins\mcufinder/ => C:\Users\ADMIN\.stmcufinder\plugins\mcufinder
2024-10-10 19:48:11,153 [WARN] DbFile:41 - Overriding database path with different value: C:\Users\ADMIN\.stmcufinder\plugins\mcufinder/ => C:\Users\ADMIN\.stmcufinder\plugins\mcufinder
2024-10-10 19:48:11,154 [INFO] CrossReferenceDbSqlite:203 - Set database path to: C:\Users\ADMIN\.stmcufinder\plugins\mcufinder//mcu/cs/
2024-10-10 19:48:11,202 [INFO] MainPanel:264 - HeapMemory: 268435456
2024-10-10 19:48:11,250 [INFO] DbMcusXml:78 - Set database path to: C:\ST\STM32CubeIDE_1.14.1\STM32CubeIDE\plugins\com.st.stm32cube.common.mx_6.10.0.202311202037\\db\/mcu/
2024-10-10 19:48:11,250 [INFO] ApiDb:274 - Set plugin database path to: C:\ST\STM32CubeIDE_1.14.1\STM32CubeIDE\plugins\com.st.stm32cube.common.mx_6.10.0.202311202037\\db\/plugins/boardmanager/
2024-10-10 19:48:11,250 [INFO] ApiDb:261 - Set plugin images path to: C:\ST\STM32CubeIDE_1.14.1\STM32CubeIDE\plugins\com.st.stm32cube.common.mx_6.10.0.202311202037\\db\/plugins/mcufinder/images/
2024-10-10 19:48:11,250 [WARN] DbFile:41 - Overriding database path with different value: C:\Users\ADMIN\.stmcufinder\plugins\mcufinder/ => C:\Users\ADMIN\.stmcufinder\plugins\mcufinder
2024-10-10 19:48:11,250 [INFO] ApiDb:250 - Set database path to: C:\Users\ADMIN\.stmcufinder\plugins\mcufinder//mcu/
2024-10-10 19:48:11,250 [WARN] DbFile:41 - Overriding database path with different value: C:\Users\ADMIN\.stmcufinder\plugins\mcufinder/ => C:\Users\ADMIN\.stmcufinder\plugins\mcufinder
2024-10-10 19:48:11,250 [INFO] DbMcusAds:125 - Set database path to: C:\Users\ADMIN\.stmcufinder\plugins\mcufinder//mcu/
2024-10-10 19:48:11,250 [WARN] DbFile:41 - Overriding database path with different value: C:\Users\ADMIN\.stmcufinder\plugins\mcufinder/ => C:\Users\ADMIN\.stmcufinder\plugins\mcufinder
2024-10-10 19:48:11,251 [WARN] DbFile:41 - Overriding database path with different value: C:\Users\ADMIN\.stmcufinder\plugins\mcufinder/ => C:\Users\ADMIN\.stmcufinder\plugins\mcufinder
2024-10-10 19:48:11,251 [INFO] CrossReferenceDbSqlite:203 - Set database path to: C:\Users\ADMIN\.stmcufinder\plugins\mcufinder//mcu/cs/
2024-10-10 19:48:11,261 [INFO] ApplicationProperties:184 - Using Application install path: C:\ST\STM32CubeIDE_1.14.1\STM32CubeIDE\plugins\com.st.stm32cube.common.mx_6.10.0.202311202037
2024-10-10 19:48:11,262 [INFO] PluginManage:196 - Search for loadable plugins [exclusion list=, ]
2024-10-10 19:48:11,263 [INFO] PluginManage:310 - Check plugin analytics
2024-10-10 19:48:16,318 [INFO] AnalyticsPlugin:253 - Accepted Software Licenses: 
2024-10-10 19:48:16,319 [INFO] AnalyticsPlugin:255 - Accepted CMSIS Pack Licenses: 
2024-10-10 19:48:16,319 [INFO] AnalyticsPlugin:257 - Accepted Firmware Licenses: 
2024-10-10 19:48:16,322 [INFO] PluginManage:359 - Loaded plugin analytics (category:tool,tabindex:-1)
2024-10-10 19:48:16,322 [INFO] PluginManage:310 - Check plugin cadmodel
2024-10-10 19:48:16,324 [INFO] CADModel:105 - Init CAD model plugin
2024-10-10 19:48:16,324 [INFO] PluginManage:359 - Loaded plugin cadmodel (category:power,tabindex:5)
2024-10-10 19:48:16,324 [INFO] PluginManage:310 - Check plugin clock
2024-10-10 19:48:16,333 [INFO] PluginManage:359 - Loaded plugin clock (category:base,tabindex:2)
2024-10-10 19:48:16,334 [INFO] PluginManage:310 - Check plugin ddr
2024-10-10 19:48:16,335 [INFO] PluginManage:359 - Loaded plugin ddr (category:tool,tabindex:6)
2024-10-10 19:48:16,335 [INFO] PluginManage:310 - Check plugin filemanager
2024-10-10 19:48:16,462 [INFO] PluginManage:359 - Loaded plugin filemanager (category:base,tabindex:10)
2024-10-10 19:48:16,462 [INFO] PluginManage:310 - Check plugin ipmanager
2024-10-10 19:48:16,466 [INFO] PluginManage:359 - Loaded plugin ipmanager (category:base,tabindex:5)
2024-10-10 19:48:16,466 [INFO] PluginManage:310 - Check plugin lpbam
2024-10-10 19:48:16,513 [INFO] PluginManage:359 - Loaded plugin lpbam (category:base,tabindex:0)
2024-10-10 19:48:16,514 [INFO] PluginManage:310 - Check plugin memorymap
2024-10-10 19:48:16,526 [INFO] PluginManage:359 - Loaded plugin memorymap (category:base,tabindex:4)
2024-10-10 19:48:16,526 [INFO] PluginManage:310 - Check plugin pinoutandconfiguration
2024-10-10 19:48:16,537 [INFO] PluginManage:359 - Loaded plugin pinoutandconfiguration (category:base,tabindex:1)
2024-10-10 19:48:16,537 [INFO] PluginManage:310 - Check plugin pinoutconfig
2024-10-10 19:48:16,628 [WARN] SupportedApi:132 - Cannot load RTOS API schema: s4s-elt-must-match.1: The content of 'definitions' must match (annotation?, (simpleType | complexType)?, (unique | key | keyref)*)). A problem was found starting at: attribute.
2024-10-10 19:48:16,734 [INFO] PluginManage:359 - Loaded plugin pinoutconfig (category:base,tabindex:0)
2024-10-10 19:48:16,734 [INFO] PluginManage:310 - Check plugin power
2024-10-10 19:48:16,738 [INFO] PluginManage:359 - Loaded plugin power (category:power,tabindex:4)
2024-10-10 19:48:16,738 [INFO] PluginManage:310 - Check plugin projectmanager
2024-10-10 19:48:16,748 [INFO] PluginManage:359 - Loaded plugin projectmanager (category:projectmanager,tabindex:3)
2024-10-10 19:48:16,748 [INFO] PluginManage:310 - Check plugin thirdparty
2024-10-10 19:48:16,817 [INFO] PluginManage:359 - Loaded plugin thirdparty (category:base,tabindex:-1)
2024-10-10 19:48:16,817 [INFO] PluginManage:310 - Check plugin tools
2024-10-10 19:48:16,817 [WARN] IntegrityCheckThread:84 - waiting for thirdparty lock release [integrity check]
2024-10-10 19:48:16,817 [INFO] IntegrityCheckThread:86 - entering critical section [integrity check]
2024-10-10 19:48:16,817 [INFO] ThirdPartyUpdaterWithRetryManager:70 - Updater plugin not ready yet. [1/15]
2024-10-10 19:48:16,818 [INFO] PluginManage:359 - Loaded plugin tools (category:base,tabindex:7)
2024-10-10 19:48:16,818 [INFO] PluginManage:310 - Check plugin tutovideos
2024-10-10 19:48:16,932 [INFO] PluginManage:359 - Loaded plugin tutovideos (category:base,tabindex:-1)
2024-10-10 19:48:16,932 [INFO] PluginManage:310 - Check plugin updater
2024-10-10 19:48:16,940 [INFO] PluginManage:359 - Loaded plugin updater (category:base,tabindex:12)
2024-10-10 19:48:16,940 [INFO] PluginManage:310 - Check plugin userauth
2024-10-10 19:48:16,942 [INFO] UserAuth:114 - Init User Auth plugin
2024-10-10 19:48:16,942 [INFO] PluginManage:359 - Loaded plugin userauth (category:base,tabindex:14)
2024-10-10 19:48:16,944 [INFO] PluginManage:283 - PluginManage : Loaded plugins [17]
2024-10-10 19:48:17,086 [INFO] PinOutPanel:1499 - setPackage(No Configuration,No Configuration)
2024-10-10 19:48:17,135 [INFO] CADModel:165 - CPN selected for project level
2024-10-10 19:48:17,135 [INFO] CADModel:114 - Register for checkConnection events
2024-10-10 19:48:17,149 [INFO] IPUIPlugin:80 - create IPUIPlugin
2024-10-10 19:48:17,149 [INFO] PluginManager:220 - loadIPPluginJar : add adc
2024-10-10 19:48:17,151 [INFO] IPUIPlugin:80 - create IPUIPlugin
2024-10-10 19:48:17,151 [INFO] PluginManager:220 - loadIPPluginJar : add aes
2024-10-10 19:48:17,152 [INFO] IPUIPlugin:80 - create IPUIPlugin
2024-10-10 19:48:17,152 [INFO] PluginManager:220 - loadIPPluginJar : add can
2024-10-10 19:48:17,154 [INFO] IPUIPlugin:80 - create IPUIPlugin
2024-10-10 19:48:17,154 [INFO] PluginManager:220 - loadIPPluginJar : add comp
2024-10-10 19:48:17,155 [INFO] IPUIPlugin:80 - create IPUIPlugin
2024-10-10 19:48:17,156 [INFO] PluginManager:220 - loadIPPluginJar : add cryp
2024-10-10 19:48:17,157 [INFO] IPUIPlugin:80 - create IPUIPlugin
2024-10-10 19:48:17,157 [INFO] PluginManager:220 - loadIPPluginJar : add dfsdm
2024-10-10 19:48:17,162 [INFO] IPUIPlugin:80 - create IPUIPlugin
2024-10-10 19:48:17,162 [INFO] PluginManager:220 - loadIPPluginJar : add dma
2024-10-10 19:48:17,163 [INFO] IPUIPlugin:80 - create IPUIPlugin
2024-10-10 19:48:17,163 [INFO] PluginManager:220 - loadIPPluginJar : add dma3
2024-10-10 19:48:17,164 [INFO] IPUIPlugin:80 - create IPUIPlugin
2024-10-10 19:48:17,164 [INFO] PluginManager:220 - loadIPPluginJar : add fatfs
2024-10-10 19:48:17,166 [INFO] IPUIPlugin:80 - create IPUIPlugin
2024-10-10 19:48:17,166 [INFO] PluginManager:220 - loadIPPluginJar : add fmc
2024-10-10 19:48:17,169 [INFO] IPUIPlugin:80 - create IPUIPlugin
2024-10-10 19:48:17,169 [INFO] PluginManager:220 - loadIPPluginJar : add freertos
2024-10-10 19:48:17,170 [INFO] IPUIPlugin:80 - create IPUIPlugin
2024-10-10 19:48:17,170 [INFO] PluginManager:220 - loadIPPluginJar : add genericplugin
2024-10-10 19:48:17,171 [INFO] IPUIPlugin:80 - create IPUIPlugin
2024-10-10 19:48:17,171 [INFO] PluginManager:220 - loadIPPluginJar : add gfxmmu
2024-10-10 19:48:17,185 [INFO] IPUIPlugin:80 - create IPUIPlugin
2024-10-10 19:48:17,185 [INFO] PluginManager:220 - loadIPPluginJar : add gic
2024-10-10 19:48:17,187 [INFO] IPUIPlugin:80 - create IPUIPlugin
2024-10-10 19:48:17,187 [INFO] PluginManager:220 - loadIPPluginJar : add gpio
2024-10-10 19:48:17,189 [INFO] IPUIPlugin:80 - create IPUIPlugin
2024-10-10 19:48:17,189 [INFO] PluginManager:220 - loadIPPluginJar : add gtzc
2024-10-10 19:48:17,190 [INFO] IPUIPlugin:80 - create IPUIPlugin
2024-10-10 19:48:17,190 [INFO] PluginManager:220 - loadIPPluginJar : add hash
2024-10-10 19:48:17,192 [INFO] IPUIPlugin:80 - create IPUIPlugin
2024-10-10 19:48:17,192 [INFO] PluginManager:220 - loadIPPluginJar : add i2c
2024-10-10 19:48:17,194 [INFO] IPUIPlugin:80 - create IPUIPlugin
2024-10-10 19:48:17,194 [INFO] PluginManager:220 - loadIPPluginJar : add i2s
2024-10-10 19:48:17,196 [INFO] IPUIPlugin:80 - create IPUIPlugin
2024-10-10 19:48:17,196 [INFO] PluginManager:220 - loadIPPluginJar : add i3c
2024-10-10 19:48:17,198 [INFO] IPUIPlugin:80 - create IPUIPlugin
2024-10-10 19:48:17,198 [INFO] PluginManager:220 - loadIPPluginJar : add ipddr
2024-10-10 19:48:17,207 [INFO] IPUIPlugin:80 - create IPUIPlugin
2024-10-10 19:48:17,207 [INFO] PluginManager:220 - loadIPPluginJar : add linkedlist
2024-10-10 19:48:17,208 [INFO] IPUIPlugin:80 - create IPUIPlugin
2024-10-10 19:48:17,209 [INFO] PluginManager:220 - loadIPPluginJar : add lorawan
2024-10-10 19:48:17,210 [INFO] IPUIPlugin:80 - create IPUIPlugin
2024-10-10 19:48:17,210 [INFO] PluginManager:220 - loadIPPluginJar : add ltdc
2024-10-10 19:48:17,218 [INFO] IPUIPlugin:80 - create IPUIPlugin
2024-10-10 19:48:17,218 [INFO] PluginManager:220 - loadIPPluginJar : add mdma
2024-10-10 19:48:17,221 [INFO] IPUIPlugin:80 - create IPUIPlugin
2024-10-10 19:48:17,221 [INFO] PluginManager:220 - loadIPPluginJar : add nvic
2024-10-10 19:48:17,223 [INFO] IPUIPlugin:80 - create IPUIPlugin
2024-10-10 19:48:17,223 [INFO] PluginManager:220 - loadIPPluginJar : add opamp
2024-10-10 19:48:17,226 [INFO] IPUIPlugin:80 - create IPUIPlugin
2024-10-10 19:48:17,226 [INFO] PluginManager:220 - loadIPPluginJar : add openamp
2024-10-10 19:48:17,228 [INFO] IPUIPlugin:80 - create IPUIPlugin
2024-10-10 19:48:17,228 [INFO] PluginManager:220 - loadIPPluginJar : add pdm2pcm
2024-10-10 19:48:17,234 [INFO] IPUIPlugin:80 - create IPUIPlugin
2024-10-10 19:48:17,237 [INFO] PluginManager:220 - loadIPPluginJar : add plateformsettings
2024-10-10 19:48:17,238 [INFO] IPUIPlugin:80 - create IPUIPlugin
2024-10-10 19:48:17,238 [INFO] PluginManager:220 - loadIPPluginJar : add quadspi
2024-10-10 19:48:17,240 [INFO] IPUIPlugin:80 - create IPUIPlugin
2024-10-10 19:48:17,240 [INFO] PluginManager:220 - loadIPPluginJar : add resmgrutility
2024-10-10 19:48:17,243 [INFO] IPUIPlugin:80 - create IPUIPlugin
2024-10-10 19:48:17,243 [INFO] PluginManager:220 - loadIPPluginJar : add sai
2024-10-10 19:48:17,245 [INFO] IPUIPlugin:80 - create IPUIPlugin
2024-10-10 19:48:17,245 [INFO] PluginManager:220 - loadIPPluginJar : add spi
2024-10-10 19:48:17,250 [INFO] IPUIPlugin:80 - create IPUIPlugin
2024-10-10 19:48:17,250 [INFO] PluginManager:220 - loadIPPluginJar : add stm32_wpan
2024-10-10 19:48:17,252 [INFO] IPUIPlugin:80 - create IPUIPlugin
2024-10-10 19:48:17,252 [INFO] PluginManager:220 - loadIPPluginJar : add tim
2024-10-10 19:48:17,254 [INFO] IPUIPlugin:80 - create IPUIPlugin
2024-10-10 19:48:17,254 [INFO] PluginManager:220 - loadIPPluginJar : add touchsensing
2024-10-10 19:48:17,256 [INFO] IPUIPlugin:80 - create IPUIPlugin
2024-10-10 19:48:17,256 [INFO] PluginManager:220 - loadIPPluginJar : add tracer_emb
2024-10-10 19:48:17,257 [INFO] IPUIPlugin:80 - create IPUIPlugin
2024-10-10 19:48:17,257 [INFO] PluginManager:220 - loadIPPluginJar : add ts
2024-10-10 19:48:17,260 [INFO] IPUIPlugin:80 - create IPUIPlugin
2024-10-10 19:48:17,260 [INFO] PluginManager:220 - loadIPPluginJar : add tsc
2024-10-10 19:48:17,261 [INFO] IPUIPlugin:80 - create IPUIPlugin
2024-10-10 19:48:17,261 [INFO] PluginManager:220 - loadIPPluginJar : add ucpd
2024-10-10 19:48:17,263 [INFO] IPUIPlugin:80 - create IPUIPlugin
2024-10-10 19:48:17,263 [INFO] PluginManager:220 - loadIPPluginJar : add usart
2024-10-10 19:48:17,266 [INFO] IPUIPlugin:80 - create IPUIPlugin
2024-10-10 19:48:17,266 [INFO] PluginManager:220 - loadIPPluginJar : add usbx
2024-10-10 19:48:17,392 [INFO] CADModel:165 - CPN selected for project level
2024-10-10 19:48:17,392 [INFO] CADModel:114 - Register for checkConnection events
2024-10-10 19:48:17,392 [FATAL] Updater:308 - Updater called before beeing initialized
2024-10-10 19:48:17,392 [ERROR] CADModel:125 - Updater not yet initialized, retry later 
2024-10-10 19:48:17,500 [INFO] CADModel:165 - CPN selected for project level
2024-10-10 19:48:17,502 [INFO] CADModel:114 - Register for checkConnection events
2024-10-10 19:48:17,502 [FATAL] Updater:308 - Updater called before beeing initialized
2024-10-10 19:48:17,502 [ERROR] CADModel:125 - Updater not yet initialized, retry later 
2024-10-10 19:48:17,505 [FATAL] Updater:308 - Updater called before beeing initialized
2024-10-10 19:48:17,589 [FATAL] Updater:308 - Updater called before beeing initialized
2024-10-10 19:48:17,592 [INFO] DbMcusAds:53 - JSON generation date=Wed Nov 29 17:52:27 ICT 2023 (1701255147349)
2024-10-10 19:48:17,592 [FATAL] Updater:308 - Updater called before beeing initialized
2024-10-10 19:48:17,625 [WARN] DetailPanel:346 - Failed to get advertising image, set to default
2024-10-10 19:48:17,712 [FATAL] Updater:308 - Updater called before beeing initialized
2024-10-10 19:48:17,712 [FATAL] Updater:308 - Updater called before beeing initialized
2024-10-10 19:48:17,713 [FATAL] Updater:308 - Updater called before beeing initialized
2024-10-10 19:48:17,713 [WARN] DetailPanel:346 - Failed to get advertising image, set to default
2024-10-10 19:48:17,713 [FATAL] Updater:308 - Updater called before beeing initialized
2024-10-10 19:48:17,752 [ERROR] Updater:1120 - MainUpdater not yet initialized. External WinMGr cannot be set.
2024-10-10 19:48:17,753 [INFO] Updater:1056 - Updater Version found : 6.10.0
2024-10-10 19:48:17,771 [INFO] ApplicationProperties:184 - Using Application install path: C:\ST\STM32CubeIDE_1.14.1\STM32CubeIDE\plugins\com.st.stm32cube.common.mx_6.10.0.202311202037
2024-10-10 19:48:18,084 [INFO] MainUpdater:2873 - connection check result : 10
2024-10-10 19:48:18,084 [INFO] MainUpdater:3567 - Updater definition file requires update
2024-10-10 19:48:18,084 [INFO] MainUpdater:290 - Updater Check For Update Now.
2024-10-10 19:48:18,085 [INFO] MicroXplorer:498 - Change Database Version : DB.6.0.100
2024-10-10 19:48:18,090 [INFO] McuFinderGlobals:63 - Set McuFinder mode to 2 (CubeIDE integrated)
2024-10-10 19:48:18,090 [INFO] UserAuth:180 - activating auth plugin
2024-10-10 19:48:18,092 [INFO] UserAuth:404 - Internet connection configuration mode: 1
2024-10-10 19:48:18,102 [INFO] JxBrowserEngine:152 - Initiate JxBrowser Engine with user profile folder
2024-10-10 19:48:18,333 [INFO] ServerAccessManage:473 - Download File updaters.zip
2024-10-10 19:48:18,542 [INFO] FileExtend:240 - Unzip File : updaters.zip
2024-10-10 19:48:18,542 [INFO] FileExtend:255 - Standard Zip Deflate
2024-10-10 19:48:18,627 [INFO] WebApp:161 - Instantiating new browser for Auth
2024-10-10 19:48:18,824 [INFO] ServerAccessManage:473 - Download File PacksControlFlags.xml
2024-10-10 19:48:19,002 [INFO] ServerAccessManage:473 - Download File cubemx.pidx
2024-10-10 19:48:19,064 [INFO] LoadServerUpdatesThread:375 - End of LoadServerUpdate Thread
2024-10-10 19:48:19,157 [INFO] WebApp:780 - Register for checkConnection events
2024-10-10 19:48:19,157 [INFO] WebApp:414 - Apply proxy settings
2024-10-10 19:48:19,157 [INFO] WebApp:499 - Chromium requires no authentication
2024-10-10 19:48:19,162 [INFO] WebApp:442 - Direct internet connection detected
2024-10-10 19:48:19,259 [INFO] WebApp:192 - Starting web application
2024-10-10 19:48:19,259 [INFO] WebApp:544 - Web application path used C:\ST\STM32CubeIDE_1.14.1\STM32CubeIDE\plugins\com.st.stm32cube.common.mx_6.10.0.202311202037\db\plugins\mcufinder\reactClient1\index.html
2024-10-10 19:48:19,264 [INFO] CheckServerUpdateThread:120 - End of CheckServer Thread
2024-10-10 19:48:19,966 [WARN] PackLoader:240 - Cannot read IP mode file for STMicroelectronics.FP-SNS-MOTENVWB1.1.4.0
2024-10-10 19:48:19,985 [WARN] PackLoader:240 - Cannot read IP mode file for STMicroelectronics.X-CUBE-SMBUS.2.1.0
2024-10-10 19:48:20,017 [WARN] PackLoader:240 - Cannot read IP mode file for STMicroelectronics.X-CUBE-AZRTOS-F7.1.1.0
2024-10-10 19:48:20,035 [WARN] PackLoader:240 - Cannot read IP mode file for STMicroelectronics.FP-SNS-MOTENV1.4.3.2
2024-10-10 19:48:20,041 [WARN] PackLoader:240 - Cannot read IP mode file for STMicroelectronics.FP-SNS-FLIGHT1.5.0.2
2024-10-10 19:48:20,056 [WARN] PackLoader:240 - Cannot read IP mode file for STMicroelectronics.X-CUBE-DISPLAY.3.0.0
2024-10-10 19:48:20,070 [WARN] PackLoader:240 - Cannot read IP mode file for STMicroelectronics.X-CUBE-BLE1.7.0.0
2024-10-10 19:48:20,085 [WARN] PackLoader:240 - Cannot read IP mode file for STMicroelectronics.FP-SNS-SMARTAG2.1.2.0
2024-10-10 19:48:20,103 [INFO] LogOutputStream:77 - [STDOUT_REDIRECT] 1 : Invalid condition id : UX_CORESTACK_Condition cause : null
2024-10-10 19:48:20,103 [INFO] LogOutputStream:77 - [STDOUT_REDIRECT] 1 : Invalid condition id : UX_CORESTACK_Condition cause : null
2024-10-10 19:48:20,104 [INFO] LogOutputStream:77 - [STDOUT_REDIRECT] 1 : Invalid condition id : UX_CORESTACK_Condition cause : null
2024-10-10 19:48:20,105 [INFO] LogOutputStream:77 - [STDOUT_REDIRECT] 1 : Invalid condition id : UX_CORESTACK_Condition cause : null
2024-10-10 19:48:20,105 [INFO] LogOutputStream:77 - [STDOUT_REDIRECT] 1 : Invalid condition id : UX_CORESTACK_Condition cause : null
2024-10-10 19:48:20,108 [WARN] PackLoader:240 - Cannot read IP mode file for STMicroelectronics.X-CUBE-AZRTOS-WL.2.0.0
2024-10-10 19:48:20,129 [WARN] PackLoader:240 - Cannot read IP mode file for WES.I-CUBE-Cesium.1.3.0
2024-10-10 19:48:20,145 [WARN] PackLoader:240 - Cannot read IP mode file for STMicroelectronics.X-CUBE-BLE2.3.3.0
2024-10-10 19:48:20,162 [WARN] PackLoader:240 - Cannot read IP mode file for STMicroelectronics.X-CUBE-ALGOBUILD.1.3.0
2024-10-10 19:48:20,185 [WARN] PackLoader:240 - Cannot read IP mode file for STMicroelectronics.X-CUBE-AZRTOS-G0.1.1.0
2024-10-10 19:48:20,203 [WARN] PackLoader:240 - Cannot read IP mode file for STMicroelectronics.X-CUBE-NFC4.3.0.0
2024-10-10 19:48:20,225 [WARN] PackLoader:240 - Cannot read IP mode file for STMicroelectronics.X-CUBE-BLEMGR.3.0.0
2024-10-10 19:48:20,237 [WARN] PackLoader:240 - Cannot read IP mode file for STMicroelectronics.FP-ATR-SIGFOX1.3.2.0
2024-10-10 19:48:20,288 [WARN] PackLoader:240 - Cannot read IP mode file for SEGGER.I-CUBE-embOS.1.3.1
2024-10-10 19:48:20,352 [WARN] PackLoader:240 - Cannot read IP mode file for STMicroelectronics.X-CUBE-GNSS1.6.0.0
2024-10-10 19:48:20,371 [WARN] PackLoader:240 - Cannot read IP mode file for STMicroelectronics.X-CUBE-AZRTOS-F4.1.1.0
2024-10-10 19:48:20,390 [WARN] PackLoader:240 - Cannot read IP mode file for STMicroelectronics.X-CUBE-AZRTOS-L5.2.0.0
2024-10-10 19:48:20,403 [WARN] PackLoader:240 - Cannot read IP mode file for STMicroelectronics.X-CUBE-AI.9.0.0
2024-10-10 19:48:20,413 [WARN] PackLoader:240 - Cannot read IP mode file for STMicroelectronics.X-CUBE-NFC7.1.0.1
2024-10-10 19:48:20,425 [WARN] PackLoader:240 - Cannot read IP mode file for STMicroelectronics.X-CUBE-NFC6.3.0.0
2024-10-10 19:48:20,438 [WARN] PackLoader:240 - Cannot read IP mode file for STMicroelectronics.X-CUBE-AI.8.1.0
2024-10-10 19:48:20,462 [WARN] ConditionMgr:438 - getConditionDescription Invalid condition id : LAN8742 Phy interface Condition cause : null
2024-10-10 19:48:20,462 [WARN] PackLoader:240 - Cannot read IP mode file for STMicroelectronics.X-CUBE-AZRTOS-L4.2.0.0
2024-10-10 19:48:20,463 [WARN] ConditionMgr:1039 - genDependencies : Invalid condition id : LAN8742 Phy interface Condition cause : null
2024-10-10 19:48:20,463 [WARN] ConditionMgr:1039 - genDependencies : Invalid condition id : LAN8742 Phy interface Condition cause : null
2024-10-10 19:48:20,464 [WARN] ConditionMgr:1039 - genDependencies : Invalid condition id : LAN8742 Phy interface Condition cause : null
2024-10-10 19:48:20,478 [WARN] PackLoader:240 - Cannot read IP mode file for STMicroelectronics.X-CUBE-SFXS2LP1.4.0.0
2024-10-10 19:48:20,498 [WARN] ConditionMgr:438 - getConditionDescription Invalid condition id : UX DEVICE CLASS RTOS Condition cause : null
2024-10-10 19:48:20,498 [WARN] ConditionMgr:438 - getConditionDescription Invalid condition id : UX DEVICE CLASS RTOS Condition cause : null
2024-10-10 19:48:20,499 [WARN] PackLoader:240 - Cannot read IP mode file for STMicroelectronics.X-CUBE-AZRTOS-WB.2.0.0
2024-10-10 19:48:20,500 [WARN] ConditionMgr:1039 - genDependencies : Invalid condition id : UX DEVICE CLASS RTOS Condition cause : null
2024-10-10 19:48:20,500 [WARN] ConditionMgr:1039 - genDependencies : Invalid condition id : UX DEVICE CLASS RTOS Condition cause : null
2024-10-10 19:48:20,500 [WARN] ConditionMgr:1039 - genDependencies : Invalid condition id : UX DEVICE CLASS RTOS Condition cause : null
2024-10-10 19:48:20,500 [WARN] ConditionMgr:1039 - genDependencies : Invalid condition id : UX DEVICE CLASS RTOS Condition cause : null
2024-10-10 19:48:20,500 [WARN] ConditionMgr:1039 - genDependencies : Invalid condition id : UX DEVICE CLASS RTOS Condition cause : null
2024-10-10 19:48:20,512 [WARN] PackLoader:240 - Cannot read IP mode file for STMicroelectronics.X-CUBE-SUBG2.5.0.0
2024-10-10 19:48:20,529 [WARN] PackLoader:240 - Cannot read IP mode file for STMicroelectronics.X-CUBE-AZRTOS-G4.2.0.0
2024-10-10 19:48:20,538 [WARN] PackLoader:240 - Cannot read IP mode file for STMicroelectronics.FP-SNS-MOTENVWB1.1.3.1
2024-10-10 19:48:20,570 [WARN] PackLoader:240 - Cannot read IP mode file for STMicroelectronics.X-CUBE-MEMS1.10.0.0
2024-10-10 19:48:20,652 [WARN] PackLoader:240 - Cannot read IP mode file for STMicroelectronics.X-CUBE-FREERTOS.1.1.0
2024-10-10 19:48:20,664 [WARN] PackLoader:240 - Cannot read IP mode file for portGmbH.I-Cube-SoM-uGOAL.1.1.0
2024-10-10 19:48:20,673 [WARN] PackLoader:240 - Cannot read IP mode file for STMicroelectronics.X-CUBE-ALS.1.0.1
2024-10-10 19:48:20,693 [WARN] PackLoader:240 - Cannot read IP mode file for STMicroelectronics.X-CUBE-AZRTOS-H7RS.1.0.0
2024-10-10 19:48:20,698 [WARN] PackLoader:240 - Cannot read IP mode file for STMicroelectronics.FP-ATR-ASTRA1.2.0.0
2024-10-10 19:48:20,699 [INFO] ThirdParty:978 - Integrity check success = true
2024-10-10 19:48:20,700 [INFO] IntegrityCheckThread:100 - exiting critical section [integrity check]
2024-10-10 19:48:20,700 [INFO] IntegrityCheckThread:103 - End integrity checks thread
2024-10-10 19:48:24,277 [INFO] McuFinderGlobals:63 - Set McuFinder mode to 2 (CubeIDE integrated)
2024-10-10 19:48:24,296 [INFO] MainUpdater:2873 - connection check result : 10
2024-10-10 19:48:24,314 [INFO] McuFinderGlobals:76 - Set McuFinderConnectedMode to true
2024-10-10 19:48:25,047 [INFO] ServerAccessManage:473 - Download File mcusAds.json._tmp_
2024-10-10 19:48:25,158 [INFO] LoadUrlFilesThread:156 - End of LoadUrlFiles Thread
2024-10-10 19:48:25,395 [INFO] ServerAccessManage:473 - Download File cube-finder-db.zip
2024-10-10 19:48:29,291 [INFO] FileExtend:240 - Unzip File : cube-finder-db.zip
2024-10-10 19:48:29,292 [INFO] FileExtend:255 - Standard Zip Deflate
2024-10-10 19:48:29,852 [INFO] LoadUrlFilesThread:156 - End of LoadUrlFiles Thread
2024-10-10 19:48:31,082 [INFO] ServerAccessManage:473 - Download File crdb.zip
2024-10-10 19:48:32,456 [INFO] FileExtend:240 - Unzip File : crdb.zip
2024-10-10 19:48:32,456 [INFO] FileExtend:255 - Standard Zip Deflate
2024-10-10 19:48:32,578 [INFO] LoadUrlFilesThread:156 - End of LoadUrlFiles Thread
2024-10-10 19:48:32,639 [INFO] ServerAccessManage:473 - Download File tutoVideoDB.zip
2024-10-10 19:48:32,660 [INFO] FileExtend:240 - Unzip File : tutoVideoDB.zip
2024-10-10 19:48:32,660 [INFO] FileExtend:255 - Standard Zip Deflate
2024-10-10 19:48:32,779 [INFO] LoadUrlFilesThread:156 - End of LoadUrlFiles Thread
2024-10-10 19:48:32,780 [WARN] DbFile:41 - Overriding database path with different value: C:\Users\ADMIN\.stmcufinder\plugins\mcufinder/ => C:\Users\ADMIN\.stmcufinder\plugins\mcufinder
2024-10-10 19:48:32,967 [INFO] ServerAccessManage:473 - Download File api_config.json
2024-10-10 19:48:33,077 [INFO] LoadUrlFilesThread:156 - End of LoadUrlFiles Thread
2024-10-10 19:48:33,079 [INFO] DbMcusAds:53 - JSON generation date=Fri Sep 20 20:04:23 ICT 2024 (1726837463113)
2024-10-10 19:48:33,139 [INFO] ServerAccessManage:473 - Download File 
2024-10-10 19:48:33,145 [INFO] LoadUrlFilesThread:185 - End of LoadServerUrlFiles without Thread
2024-10-10 19:48:33,146 [INFO] TargetSelectorAdapter:259 - Refresh data is successful
2024-10-10 19:48:33,224 [INFO] ApiDb:581 - Connected to CubeFinder SQLite database (C:\Users\ADMIN\.stmcufinder\plugins\mcufinder\mcu\cube-finder-db.db)
2024-10-10 19:48:33,257 [INFO] ApiDb:668 - CubeFinder database Data Model version=2.1
2024-10-10 19:48:33,257 [INFO] ApiDb:669 - CubeFinder database Configuration version=3.0.39
2024-10-10 19:48:33,257 [INFO] ApiDb:670 - CubeFinder database generation date=2024-09-16 (1726485674)
2024-10-10 19:48:33,257 [INFO] ApiDb:671 - CubeFinder database FW Pack versions=[FP-ATR-ASTRA1_V2.0.0, FP-SNS-FLIGHT1_V5.0.2, FP-SNS-MOTENV1_V5.0.0, FP-SNS-MOTENVWB1_V1.4.0, FP-SNS-SMARTAG2_V1.2.0, FP-SNS-STBOX1_V2.0.0, STM32Cube_FW_C0_V1.2.0, STM32Cube_FW_F4_V1.28.1, STM32Cube_FW_F7_V1.17.2, STM32Cube_FW_G0_V1.6.2, STM32Cube_FW_G4_V1.6.0, STM32Cube_FW_H5_V1.3.0, STM32Cube_FW_H7RS_V1.1.0, STM32Cube_FW_H7_V1.11.2, STM32Cube_FW_L0_V1.12.2, STM32Cube_FW_L5_V1.5.1, STM32Cube_FW_U0_V1.1.0, STM32Cube_FW_U5_V1.6.0, STM32Cube_FW_WB0_V1.0.0, STM32Cube_FW_WBA_V1.4.1, STM32Cube_FW_WB_V1.20.0, STM32Cube_FW_WL_V1.3.0, X-CUBE-ALGOBUILD_V1.4.0, X-CUBE-ALS_V1.0.2, X-CUBE-AZRTOS-F4_V1.1.0, X-CUBE-AZRTOS-F7_V1.1.0, X-CUBE-AZRTOS-G0_V1.1.0, X-CUBE-AZRTOS-G4_V2.0.0, X-CUBE-AZRTOS-H7RS_V1.0.0, X-CUBE-AZRTOS-H7_V3.2.0, X-CUBE-AZRTOS-L4_V2.0.0, X-CUBE-AZRTOS-L5_V2.0.0, X-CUBE-AZRTOS-WB_V2.0.0, X-CUBE-AZRTOS-WL_V2.0.0, X-CUBE-BLE1_V7.0.0, X-CUBE-BLE2_V3.3.0, X-CUBE-BLEMGR_V3.1.0, X-CUBE-EEPRMA1_V5.1.0, X-CUBE-FREERTOS_V1.2.0, X-CUBE-GNSS1_V6.0.0, X-CUBE-MEMS1_V11.0.0, X-CUBE-NFC4_V3.0.0, X-CUBE-NFC7_V1.0.1, X-CUBE-SFXS2LP1_V4.0.0, X-CUBE-SUBG2_V5.0.0, X-CUBE-TOF1_V3.4.2]
2024-10-10 19:48:34,465 [INFO] ApiDb:240 - Found 371 in-development CPN: [B-G473E-ZEST1S, B-WB1M-WPAN1, B-WL5M-SUBG1, NUCLEO-C031C6, NUCLEO-H503RB, NUCLEO-H563ZI, NUCLEO-U545RE-Q, NUCLEO-U5A5ZJ-Q, NUCLEO-WBA52CG, NUCLEO-WBA55CG, STEVAL-MKBOXPRO, STEVAL-PROTEUS1, STEVAL-STWINBX1, STM320518-EVAL, STM32C0116-DK, STM32C011D6Y3TR, STM32C011D6Y6TR, STM32C011F4P3, STM32C011F4P6, STM32C011F4U3, STM32C011F4U6TR, STM32C011F6P3, STM32C011F6P6, STM32C011F6U3, STM32C011F6U6TR, STM32C011J4M3, STM32C011J4M6, STM32C011J6M3, STM32C011J6M6, STM32C0316-DK, STM32C031C4T3, STM32C031C4T6, STM32C031C4U3, STM32C031C4U6, STM32C031C6T3, STM32C031C6T6, STM32C031C6U3, STM32C031C6U6, STM32C031F4P3, STM32C031F4P6, STM32C031F6P3, STM32C031F6P6, STM32C031G4U3, STM32C031G4U6, STM32C031G6U3, STM32C031G6U6, STM32C031K4T3, STM32C031K4T6, STM32C031K4U3, STM32C031K4U6, STM32C031K6T3, STM32C031K6T6, STM32C031K6U3, STM32C031K6U6, STM32G071K8TXN, STM32G071K8UXN, STM32G081GBU6N, STM32G081KBT6N, STM32G081KBUXN, STM32G0B1CCT6N, STM32G0B1KCT6, STM32G0B1NEY6TR, STM32G0B1RCT6N, STM32G0C1CCT6, STM32G0C1CCT6N, STM32G0C1CCU6N, STM32G0C1CET6N, STM32G0C1CEU6N, STM32G0C1KCT6, STM32G0C1NEY6TR, STM32G0C1RCI6N, STM32G0C1RCT6N, STM32G0C1REI6N, STM32G0C1RET6N, STM32G0C1VCI6, STM32G0C1VEI6, STM32G471CCT6, STM32G471CCU6, STM32G471CET3, STM32G471CET6, STM32G471CEU3, STM32G471CEU6, STM32G471MCT6, STM32G471MET3, STM32G471MET6, STM32G471MEY6TR, STM32G471QCT6, STM32G471QET3, STM32G471RCT6, STM32G471RET3, STM32G471RET6, STM32G471VCH6, STM32G471VCI6, STM32G471VCT6, STM32G471VEH3, STM32G471VEH6, STM32G471VEI3, STM32G471VEI6, STM32G471VET3, STM32G471VET6, STM32G474CCT6, STM32H503CBT6, STM32H503CBU6, STM32H503EBY6TR, STM32H503KBU6, STM32H503RBT6, STM32H562AGI6, STM32H562AII6, STM32H562IGK6, STM32H562IGT6, STM32H562IIK6, STM32H562IIT6, STM32H562RGT6, STM32H562RGV6, STM32H562RIT6, STM32H562RIV6, STM32H562VGT6, STM32H562VIT6, STM32H562ZGT6, STM32H562ZIT6, STM32H563AGI6, STM32H563AII3Q, STM32H563AII6, STM32H563IGK6, STM32H563IGT6, STM32H563IIK3Q, STM32H563IIK6, STM32H563IIT3Q, STM32H563IIT6, STM32H563MIY3QTR, STM32H563RGT6, STM32H563RGV6, STM32H563RIT6, STM32H563RIV6, STM32H563VGT6, STM32H563VIT3Q, STM32H563VIT6, STM32H563ZGT6, STM32H563ZIT3Q, STM32H563ZIT6, STM32H573AII3Q, STM32H573AII6, STM32H573I-DK, STM32H573IIK3Q, STM32H573IIK6, STM32H573IIT3Q, STM32H573IIT6, STM32H573MIY3QTR, STM32H573RIT6, STM32H573RIV6, STM32H573VIT3Q, STM32H573VIT6, STM32H573ZIT3Q, STM32H573ZIT6, STM32L4R5QGI6STR, STM32MP131AAE3, STM32MP131AAF3, STM32MP131AAG3, STM32MP131CAE3, STM32MP131CAF3, STM32MP131CAG3, STM32MP131DAE7, STM32MP131DAF7, STM32MP131DAG7, STM32MP131FAE7, STM32MP131FAF7, STM32MP131FAG7, STM32MP133AAE3, STM32MP133AAF3, STM32MP133AAG3, STM32MP133CAE3, STM32MP133CAF3, STM32MP133CAG3, STM32MP133DAE7, STM32MP133DAF7, STM32MP133DAG7, STM32MP133FAE7, STM32MP133FAF7, STM32MP133FAG7, STM32MP135AAE3, STM32MP135AAF3, STM32MP135AAG3, STM32MP135CAE3, STM32MP135CAF3, STM32MP135CAG3, STM32MP135DAE7, STM32MP135DAF7, STM32MP135DAG7, STM32MP135F-DK, STM32MP135FAE7, STM32MP135FAF7, STM32MP135FAF7T, STM32MP135FAF7U, STM32MP135FAG7, STM32U535CBT6, STM32U535CBT6Q, STM32U535CBU6, STM32U535CBU6Q, STM32U535CCT6, STM32U535CCT6Q, STM32U535CCU6, STM32U535CCU6Q, STM32U535CET6, STM32U535CET6Q, STM32U535CEU6, STM32U535CEU6Q, STM32U535JEY6QTR, STM32U535NCY6QTR, STM32U535NEY6QTR, STM32U535RBI6, STM32U535RBI6Q, STM32U535RBT6, STM32U535RBT6Q, STM32U535RCI6, STM32U535RCI6Q, STM32U535RCT6, STM32U535RCT6Q, STM32U535REI6, STM32U535REI6Q, STM32U535RET6, STM32U535RET6Q, STM32U535VCI6, STM32U535VCI6Q, STM32U535VCT6, STM32U535VCT6Q, STM32U535VEI6, STM32U535VEI6Q, STM32U535VET6, STM32U535VET6Q, STM32U545CET6, STM32U545CET6Q, STM32U545CEU6, STM32U545CEU6Q, STM32U545JEY6QTR, STM32U545NEY6QTR, STM32U545REI6, STM32U545REI6Q, STM32U545RET6, STM32U545RET6Q, STM32U545VEI6, STM32U545VEI6Q, STM32U545VET6, STM32U545VET6Q, STM32U595AIH6, STM32U595AIH6Q, STM32U595AJH6, STM32U595AJH6Q, STM32U595QII6, STM32U595QII6Q, STM32U595QJI6, STM32U595QJI6Q, STM32U595RIT6, STM32U595RIT6Q, STM32U595RJT6, STM32U595RJT6Q, STM32U595VIT6, STM32U595VIT6Q, STM32U595VJT6, STM32U595VJT6Q, STM32U595ZIT6, STM32U595ZIT6Q, STM32U595ZIY6QTR, STM32U595ZJT6, STM32U595ZJT6Q, STM32U595ZJY6QTR, STM32U599BJY6QTR, STM32U599NIH6Q, STM32U599NJH6Q, STM32U599VIT6Q, STM32U599VJT6, STM32U599VJT6Q, STM32U599ZIT6Q, STM32U599ZIY6QTR, STM32U599ZJT6Q, STM32U599ZJY6QTR, STM32U5A5AJH6, STM32U5A5AJH6Q, STM32U5A5QJI6, STM32U5A5QJI6Q, STM32U5A5RJT6, STM32U5A5RJT6Q, STM32U5A5VJT6, STM32U5A5VJT6Q, STM32U5A5ZJT6, STM32U5A5ZJT6Q, STM32U5A5ZJY6QTR, STM32U5A9BJY6QTR, STM32U5A9J-DK, STM32U5A9NJH6Q, STM32U5A9VJT6Q, STM32U5A9ZJT6Q, STM32U5A9ZJY6QTR, STM32U5F7VIT6, STM32U5F7VIT6Q, STM32U5F7VJT6, STM32U5F7VJT6Q, STM32U5F9BJY6QTR, STM32U5F9NJH6Q, STM32U5F9VIT6Q, STM32U5F9VJT6Q, STM32U5F9ZIJ6QTR, STM32U5F9ZIT6Q, STM32U5F9ZJJ6QTR, STM32U5F9ZJT6Q, STM32U5G7VJT6, STM32U5G7VJT6Q, STM32U5G9BJY6QTR, STM32U5G9J-DK1, STM32U5G9J-DK2, STM32U5G9NJH6Q, STM32U5G9VJT6Q, STM32U5G9ZJJ6QTR, STM32U5G9ZJT6Q, STM32WB1MMCH6, STM32WBA50KEU6, STM32WBA50KEU6TR, STM32WBA50KGU6, STM32WBA50KGU6TR, STM32WBA52CEU6, STM32WBA52CEU6TR, STM32WBA52CEU7, STM32WBA52CEU7TR, STM32WBA52CGU6, STM32WBA52CGU6TR, STM32WBA52CGU6U, STM32WBA52CGU7, STM32WBA52CGU7TR, STM32WBA52KEU6, STM32WBA52KEU6TR, STM32WBA52KGU6, STM32WBA52KGU6TR, STM32WBA54CEU6, STM32WBA54CEU6TR, STM32WBA54CEU7, STM32WBA54CEU7TR, STM32WBA54CGU6, STM32WBA54CGU6TR, STM32WBA54CGU7, STM32WBA54CGU7TR, STM32WBA54KEU6, STM32WBA54KEU6TR, STM32WBA54KEU7, STM32WBA54KEU7TR, STM32WBA54KGU6, STM32WBA54KGU6TR, STM32WBA54KGU7, STM32WBA54KGU7TR, STM32WBA55CEU6, STM32WBA55CEU6TR, STM32WBA55CEU7, STM32WBA55CEU7TR, STM32WBA55CGU6, STM32WBA55CGU6TR, STM32WBA55CGU6U, STM32WBA55CGU7, STM32WBA55CGU7TR, STM32WBA55G-DK1, STM32WBA55HEF6, STM32WBA55HEF7, STM32WBA55HGF6, STM32WBA55HGF7, STM32WBA55UEI6, STM32WBA55UEI6TR, STM32WBA55UEI7, STM32WBA55UEI7TR, STM32WBA55UGI6, STM32WBA55UGI6TR, STM32WBA55UGI7, STM32WBA55UGI7TR, STM32WL5MOCH6, STM32WL5MOCH6TR]
2024-10-10 19:48:34,471 [INFO] DbMcus:218 - Found 4204 MCUs, 4204 are supported
2024-10-10 19:48:34,472 [INFO] ApiDb:423 - Load user favorites file C:\Users\ADMIN/.stm32cubeide/favorites.mcus.txt: 0 item(s)
2024-10-10 19:48:34,472 [INFO] ApiDb:427 - User favorites MCUs=[]
2024-10-10 19:48:34,472 [INFO] DbMcus:224 - Set 0 / 0 favorites MCUs
2024-10-10 19:48:34,651 [INFO] ApiDb:668 - CubeFinder database Data Model version=2.1
2024-10-10 19:48:34,652 [INFO] ApiDb:669 - CubeFinder database Configuration version=3.0.39
2024-10-10 19:48:34,652 [INFO] ApiDb:670 - CubeFinder database generation date=2024-09-16 (1726485674)
2024-10-10 19:48:34,652 [INFO] ApiDb:671 - CubeFinder database FW Pack versions=[FP-ATR-ASTRA1_V2.0.0, FP-SNS-FLIGHT1_V5.0.2, FP-SNS-MOTENV1_V5.0.0, FP-SNS-MOTENVWB1_V1.4.0, FP-SNS-SMARTAG2_V1.2.0, FP-SNS-STBOX1_V2.0.0, STM32Cube_FW_C0_V1.2.0, STM32Cube_FW_F4_V1.28.1, STM32Cube_FW_F7_V1.17.2, STM32Cube_FW_G0_V1.6.2, STM32Cube_FW_G4_V1.6.0, STM32Cube_FW_H5_V1.3.0, STM32Cube_FW_H7RS_V1.1.0, STM32Cube_FW_H7_V1.11.2, STM32Cube_FW_L0_V1.12.2, STM32Cube_FW_L5_V1.5.1, STM32Cube_FW_U0_V1.1.0, STM32Cube_FW_U5_V1.6.0, STM32Cube_FW_WB0_V1.0.0, STM32Cube_FW_WBA_V1.4.1, STM32Cube_FW_WB_V1.20.0, STM32Cube_FW_WL_V1.3.0, X-CUBE-ALGOBUILD_V1.4.0, X-CUBE-ALS_V1.0.2, X-CUBE-AZRTOS-F4_V1.1.0, X-CUBE-AZRTOS-F7_V1.1.0, X-CUBE-AZRTOS-G0_V1.1.0, X-CUBE-AZRTOS-G4_V2.0.0, X-CUBE-AZRTOS-H7RS_V1.0.0, X-CUBE-AZRTOS-H7_V3.2.0, X-CUBE-AZRTOS-L4_V2.0.0, X-CUBE-AZRTOS-L5_V2.0.0, X-CUBE-AZRTOS-WB_V2.0.0, X-CUBE-AZRTOS-WL_V2.0.0, X-CUBE-BLE1_V7.0.0, X-CUBE-BLE2_V3.3.0, X-CUBE-BLEMGR_V3.1.0, X-CUBE-EEPRMA1_V5.1.0, X-CUBE-FREERTOS_V1.2.0, X-CUBE-GNSS1_V6.0.0, X-CUBE-MEMS1_V11.0.0, X-CUBE-NFC4_V3.0.0, X-CUBE-NFC7_V1.0.1, X-CUBE-SFXS2LP1_V4.0.0, X-CUBE-SUBG2_V5.0.0, X-CUBE-TOF1_V3.4.2]
2024-10-10 19:48:34,686 [INFO] DbBoardsSqlite:226 - include board P-NUCLEO-WB55-NUCLEO as a kit item of type 'Nucleo-64'
2024-10-10 19:48:34,686 [INFO] DbBoardsSqlite:226 - include board P-NUCLEO-WB55-USBDONGLE as a kit item of type 'Nucleo USB Dongle'
2024-10-10 19:48:34,686 [INFO] DbBoardsSqlite:226 - include board STEVAL-IDP005V1 as a kit item of type 'Evaluation Board'
2024-10-10 19:48:34,686 [INFO] DbBoardsSqlite:226 - include board STEVAL-IDP005V2 as a kit item of type 'Evaluation Board'
2024-10-10 19:48:34,716 [INFO] ApiDb:240 - Found 371 in-development CPN: [B-G473E-ZEST1S, B-WB1M-WPAN1, B-WL5M-SUBG1, NUCLEO-C031C6, NUCLEO-H503RB, NUCLEO-H563ZI, NUCLEO-U545RE-Q, NUCLEO-U5A5ZJ-Q, NUCLEO-WBA52CG, NUCLEO-WBA55CG, STEVAL-MKBOXPRO, STEVAL-PROTEUS1, STEVAL-STWINBX1, STM320518-EVAL, STM32C0116-DK, STM32C011D6Y3TR, STM32C011D6Y6TR, STM32C011F4P3, STM32C011F4P6, STM32C011F4U3, STM32C011F4U6TR, STM32C011F6P3, STM32C011F6P6, STM32C011F6U3, STM32C011F6U6TR, STM32C011J4M3, STM32C011J4M6, STM32C011J6M3, STM32C011J6M6, STM32C0316-DK, STM32C031C4T3, STM32C031C4T6, STM32C031C4U3, STM32C031C4U6, STM32C031C6T3, STM32C031C6T6, STM32C031C6U3, STM32C031C6U6, STM32C031F4P3, STM32C031F4P6, STM32C031F6P3, STM32C031F6P6, STM32C031G4U3, STM32C031G4U6, STM32C031G6U3, STM32C031G6U6, STM32C031K4T3, STM32C031K4T6, STM32C031K4U3, STM32C031K4U6, STM32C031K6T3, STM32C031K6T6, STM32C031K6U3, STM32C031K6U6, STM32G071K8TXN, STM32G071K8UXN, STM32G081GBU6N, STM32G081KBT6N, STM32G081KBUXN, STM32G0B1CCT6N, STM32G0B1KCT6, STM32G0B1NEY6TR, STM32G0B1RCT6N, STM32G0C1CCT6, STM32G0C1CCT6N, STM32G0C1CCU6N, STM32G0C1CET6N, STM32G0C1CEU6N, STM32G0C1KCT6, STM32G0C1NEY6TR, STM32G0C1RCI6N, STM32G0C1RCT6N, STM32G0C1REI6N, STM32G0C1RET6N, STM32G0C1VCI6, STM32G0C1VEI6, STM32G471CCT6, STM32G471CCU6, STM32G471CET3, STM32G471CET6, STM32G471CEU3, STM32G471CEU6, STM32G471MCT6, STM32G471MET3, STM32G471MET6, STM32G471MEY6TR, STM32G471QCT6, STM32G471QET3, STM32G471RCT6, STM32G471RET3, STM32G471RET6, STM32G471VCH6, STM32G471VCI6, STM32G471VCT6, STM32G471VEH3, STM32G471VEH6, STM32G471VEI3, STM32G471VEI6, STM32G471VET3, STM32G471VET6, STM32G474CCT6, STM32H503CBT6, STM32H503CBU6, STM32H503EBY6TR, STM32H503KBU6, STM32H503RBT6, STM32H562AGI6, STM32H562AII6, STM32H562IGK6, STM32H562IGT6, STM32H562IIK6, STM32H562IIT6, STM32H562RGT6, STM32H562RGV6, STM32H562RIT6, STM32H562RIV6, STM32H562VGT6, STM32H562VIT6, STM32H562ZGT6, STM32H562ZIT6, STM32H563AGI6, STM32H563AII3Q, STM32H563AII6, STM32H563IGK6, STM32H563IGT6, STM32H563IIK3Q, STM32H563IIK6, STM32H563IIT3Q, STM32H563IIT6, STM32H563MIY3QTR, STM32H563RGT6, STM32H563RGV6, STM32H563RIT6, STM32H563RIV6, STM32H563VGT6, STM32H563VIT3Q, STM32H563VIT6, STM32H563ZGT6, STM32H563ZIT3Q, STM32H563ZIT6, STM32H573AII3Q, STM32H573AII6, STM32H573I-DK, STM32H573IIK3Q, STM32H573IIK6, STM32H573IIT3Q, STM32H573IIT6, STM32H573MIY3QTR, STM32H573RIT6, STM32H573RIV6, STM32H573VIT3Q, STM32H573VIT6, STM32H573ZIT3Q, STM32H573ZIT6, STM32L4R5QGI6STR, STM32MP131AAE3, STM32MP131AAF3, STM32MP131AAG3, STM32MP131CAE3, STM32MP131CAF3, STM32MP131CAG3, STM32MP131DAE7, STM32MP131DAF7, STM32MP131DAG7, STM32MP131FAE7, STM32MP131FAF7, STM32MP131FAG7, STM32MP133AAE3, STM32MP133AAF3, STM32MP133AAG3, STM32MP133CAE3, STM32MP133CAF3, STM32MP133CAG3, STM32MP133DAE7, STM32MP133DAF7, STM32MP133DAG7, STM32MP133FAE7, STM32MP133FAF7, STM32MP133FAG7, STM32MP135AAE3, STM32MP135AAF3, STM32MP135AAG3, STM32MP135CAE3, STM32MP135CAF3, STM32MP135CAG3, STM32MP135DAE7, STM32MP135DAF7, STM32MP135DAG7, STM32MP135F-DK, STM32MP135FAE7, STM32MP135FAF7, STM32MP135FAF7T, STM32MP135FAF7U, STM32MP135FAG7, STM32U535CBT6, STM32U535CBT6Q, STM32U535CBU6, STM32U535CBU6Q, STM32U535CCT6, STM32U535CCT6Q, STM32U535CCU6, STM32U535CCU6Q, STM32U535CET6, STM32U535CET6Q, STM32U535CEU6, STM32U535CEU6Q, STM32U535JEY6QTR, STM32U535NCY6QTR, STM32U535NEY6QTR, STM32U535RBI6, STM32U535RBI6Q, STM32U535RBT6, STM32U535RBT6Q, STM32U535RCI6, STM32U535RCI6Q, STM32U535RCT6, STM32U535RCT6Q, STM32U535REI6, STM32U535REI6Q, STM32U535RET6, STM32U535RET6Q, STM32U535VCI6, STM32U535VCI6Q, STM32U535VCT6, STM32U535VCT6Q, STM32U535VEI6, STM32U535VEI6Q, STM32U535VET6, STM32U535VET6Q, STM32U545CET6, STM32U545CET6Q, STM32U545CEU6, STM32U545CEU6Q, STM32U545JEY6QTR, STM32U545NEY6QTR, STM32U545REI6, STM32U545REI6Q, STM32U545RET6, STM32U545RET6Q, STM32U545VEI6, STM32U545VEI6Q, STM32U545VET6, STM32U545VET6Q, STM32U595AIH6, STM32U595AIH6Q, STM32U595AJH6, STM32U595AJH6Q, STM32U595QII6, STM32U595QII6Q, STM32U595QJI6, STM32U595QJI6Q, STM32U595RIT6, STM32U595RIT6Q, STM32U595RJT6, STM32U595RJT6Q, STM32U595VIT6, STM32U595VIT6Q, STM32U595VJT6, STM32U595VJT6Q, STM32U595ZIT6, STM32U595ZIT6Q, STM32U595ZIY6QTR, STM32U595ZJT6, STM32U595ZJT6Q, STM32U595ZJY6QTR, STM32U599BJY6QTR, STM32U599NIH6Q, STM32U599NJH6Q, STM32U599VIT6Q, STM32U599VJT6, STM32U599VJT6Q, STM32U599ZIT6Q, STM32U599ZIY6QTR, STM32U599ZJT6Q, STM32U599ZJY6QTR, STM32U5A5AJH6, STM32U5A5AJH6Q, STM32U5A5QJI6, STM32U5A5QJI6Q, STM32U5A5RJT6, STM32U5A5RJT6Q, STM32U5A5VJT6, STM32U5A5VJT6Q, STM32U5A5ZJT6, STM32U5A5ZJT6Q, STM32U5A5ZJY6QTR, STM32U5A9BJY6QTR, STM32U5A9J-DK, STM32U5A9NJH6Q, STM32U5A9VJT6Q, STM32U5A9ZJT6Q, STM32U5A9ZJY6QTR, STM32U5F7VIT6, STM32U5F7VIT6Q, STM32U5F7VJT6, STM32U5F7VJT6Q, STM32U5F9BJY6QTR, STM32U5F9NJH6Q, STM32U5F9VIT6Q, STM32U5F9VJT6Q, STM32U5F9ZIJ6QTR, STM32U5F9ZIT6Q, STM32U5F9ZJJ6QTR, STM32U5F9ZJT6Q, STM32U5G7VJT6, STM32U5G7VJT6Q, STM32U5G9BJY6QTR, STM32U5G9J-DK1, STM32U5G9J-DK2, STM32U5G9NJH6Q, STM32U5G9VJT6Q, STM32U5G9ZJJ6QTR, STM32U5G9ZJT6Q, STM32WB1MMCH6, STM32WBA50KEU6, STM32WBA50KEU6TR, STM32WBA50KGU6, STM32WBA50KGU6TR, STM32WBA52CEU6, STM32WBA52CEU6TR, STM32WBA52CEU7, STM32WBA52CEU7TR, STM32WBA52CGU6, STM32WBA52CGU6TR, STM32WBA52CGU6U, STM32WBA52CGU7, STM32WBA52CGU7TR, STM32WBA52KEU6, STM32WBA52KEU6TR, STM32WBA52KGU6, STM32WBA52KGU6TR, STM32WBA54CEU6, STM32WBA54CEU6TR, STM32WBA54CEU7, STM32WBA54CEU7TR, STM32WBA54CGU6, STM32WBA54CGU6TR, STM32WBA54CGU7, STM32WBA54CGU7TR, STM32WBA54KEU6, STM32WBA54KEU6TR, STM32WBA54KEU7, STM32WBA54KEU7TR, STM32WBA54KGU6, STM32WBA54KGU6TR, STM32WBA54KGU7, STM32WBA54KGU7TR, STM32WBA55CEU6, STM32WBA55CEU6TR, STM32WBA55CEU7, STM32WBA55CEU7TR, STM32WBA55CGU6, STM32WBA55CGU6TR, STM32WBA55CGU6U, STM32WBA55CGU7, STM32WBA55CGU7TR, STM32WBA55G-DK1, STM32WBA55HEF6, STM32WBA55HEF7, STM32WBA55HGF6, STM32WBA55HGF7, STM32WBA55UEI6, STM32WBA55UEI6TR, STM32WBA55UEI7, STM32WBA55UEI7TR, STM32WBA55UGI6, STM32WBA55UGI6TR, STM32WBA55UGI7, STM32WBA55UGI7TR, STM32WL5MOCH6, STM32WL5MOCH6TR]
2024-10-10 19:48:34,765 [INFO] BoardInfo:889 - No configuration file found for board NUCLEO-H533RE
2024-10-10 19:48:34,765 [INFO] DbBoards:161 - Board is not supported: NUCLEO-H533RE
2024-10-10 19:48:34,770 [INFO] BoardInfo:889 - No configuration file found for board NUCLEO-H7S3L8
2024-10-10 19:48:34,770 [INFO] DbBoards:161 - Board is not supported: NUCLEO-H7S3L8
2024-10-10 19:48:34,788 [INFO] BoardInfo:889 - No configuration file found for board NUCLEO-U031R8
2024-10-10 19:48:34,788 [INFO] DbBoards:161 - Board is not supported: NUCLEO-U031R8
2024-10-10 19:48:34,789 [INFO] BoardInfo:889 - No configuration file found for board NUCLEO-U083RC
2024-10-10 19:48:34,789 [INFO] DbBoards:161 - Board is not supported: NUCLEO-U083RC
2024-10-10 19:48:34,792 [INFO] BoardInfo:889 - No configuration file found for board NUCLEO-WB05KZ
2024-10-10 19:48:34,792 [INFO] DbBoards:161 - Board is not supported: NUCLEO-WB05KZ
2024-10-10 19:48:34,792 [INFO] BoardInfo:889 - No configuration file found for board NUCLEO-WB07CC
2024-10-10 19:48:34,792 [INFO] DbBoards:161 - Board is not supported: NUCLEO-WB07CC
2024-10-10 19:48:34,793 [INFO] BoardInfo:889 - No configuration file found for board NUCLEO-WB09KE
2024-10-10 19:48:34,793 [INFO] DbBoards:161 - Board is not supported: NUCLEO-WB09KE
2024-10-10 19:48:34,799 [INFO] BoardInfo:889 - No configuration file found for board P-NUCLEO-WB55
2024-10-10 19:48:34,799 [INFO] DbBoards:161 - Kit is not supported: P-NUCLEO-WB55
2024-10-10 19:48:34,802 [INFO] BoardInfo:889 - No configuration file found for board STEVAL-BFA001V1B
2024-10-10 19:48:34,802 [INFO] DbBoards:161 - Kit is not supported: STEVAL-BFA001V1B
2024-10-10 19:48:34,802 [INFO] BoardInfo:889 - No configuration file found for board STEVAL-BFA001V2B
2024-10-10 19:48:34,802 [INFO] DbBoards:161 - Kit is not supported: STEVAL-BFA001V2B
2024-10-10 19:48:34,861 [INFO] BoardInfo:889 - No configuration file found for board STM32H7S78-DK
2024-10-10 19:48:34,861 [INFO] DbBoards:161 - Board is not supported: STM32H7S78-DK
2024-10-10 19:48:34,877 [INFO] BoardInfo:889 - No configuration file found for board STM32MP257F-DK
2024-10-10 19:48:34,877 [INFO] DbBoards:161 - Board is not supported: STM32MP257F-DK
2024-10-10 19:48:34,878 [INFO] BoardInfo:889 - No configuration file found for board STM32MP257F-EV1
2024-10-10 19:48:34,878 [INFO] DbBoards:161 - Board is not supported: STM32MP257F-EV1
2024-10-10 19:48:34,878 [INFO] BoardInfo:889 - No configuration file found for board STM32U083C-DK
2024-10-10 19:48:34,878 [INFO] DbBoards:161 - Board is not supported: STM32U083C-DK
2024-10-10 19:48:34,883 [INFO] DbBoards:168 - Found 200 boards, 186 are supported
2024-10-10 19:48:34,883 [INFO] DbBoards:169 - Found 200 boards, 3 of them is supported for  Bsp
2024-10-10 19:48:34,886 [INFO] ApiDb:423 - Load user favorites file C:\Users\ADMIN/.stm32cubeide/favorites.boards.txt: 0 item(s)
2024-10-10 19:48:34,886 [INFO] ApiDb:427 - User favorites Boards=[]
2024-10-10 19:48:34,887 [INFO] DbBoards:198 - Set 0 / 0 favorites Boards
2024-10-10 19:48:34,889 [INFO] ApiDb:668 - CubeFinder database Data Model version=2.1
2024-10-10 19:48:34,889 [INFO] ApiDb:669 - CubeFinder database Configuration version=3.0.39
2024-10-10 19:48:34,889 [INFO] ApiDb:670 - CubeFinder database generation date=2024-09-16 (1726485674)
2024-10-10 19:48:34,889 [INFO] ApiDb:671 - CubeFinder database FW Pack versions=[FP-ATR-ASTRA1_V2.0.0, FP-SNS-FLIGHT1_V5.0.2, FP-SNS-MOTENV1_V5.0.0, FP-SNS-MOTENVWB1_V1.4.0, FP-SNS-SMARTAG2_V1.2.0, FP-SNS-STBOX1_V2.0.0, STM32Cube_FW_C0_V1.2.0, STM32Cube_FW_F4_V1.28.1, STM32Cube_FW_F7_V1.17.2, STM32Cube_FW_G0_V1.6.2, STM32Cube_FW_G4_V1.6.0, STM32Cube_FW_H5_V1.3.0, STM32Cube_FW_H7RS_V1.1.0, STM32Cube_FW_H7_V1.11.2, STM32Cube_FW_L0_V1.12.2, STM32Cube_FW_L5_V1.5.1, STM32Cube_FW_U0_V1.1.0, STM32Cube_FW_U5_V1.6.0, STM32Cube_FW_WB0_V1.0.0, STM32Cube_FW_WBA_V1.4.1, STM32Cube_FW_WB_V1.20.0, STM32Cube_FW_WL_V1.3.0, X-CUBE-ALGOBUILD_V1.4.0, X-CUBE-ALS_V1.0.2, X-CUBE-AZRTOS-F4_V1.1.0, X-CUBE-AZRTOS-F7_V1.1.0, X-CUBE-AZRTOS-G0_V1.1.0, X-CUBE-AZRTOS-G4_V2.0.0, X-CUBE-AZRTOS-H7RS_V1.0.0, X-CUBE-AZRTOS-H7_V3.2.0, X-CUBE-AZRTOS-L4_V2.0.0, X-CUBE-AZRTOS-L5_V2.0.0, X-CUBE-AZRTOS-WB_V2.0.0, X-CUBE-AZRTOS-WL_V2.0.0, X-CUBE-BLE1_V7.0.0, X-CUBE-BLE2_V3.3.0, X-CUBE-BLEMGR_V3.1.0, X-CUBE-EEPRMA1_V5.1.0, X-CUBE-FREERTOS_V1.2.0, X-CUBE-GNSS1_V6.0.0, X-CUBE-MEMS1_V11.0.0, X-CUBE-NFC4_V3.0.0, X-CUBE-NFC7_V1.0.1, X-CUBE-SFXS2LP1_V4.0.0, X-CUBE-SUBG2_V5.0.0, X-CUBE-TOF1_V3.4.2]
2024-10-10 19:48:35,304 [ERROR] DbExamplesSqlite:437 - Missing JSON key: board_cpn
2024-10-10 19:48:35,304 [ERROR] DbExamplesSqlite:437 - Missing JSON key: board_cpn
2024-10-10 19:48:35,304 [ERROR] DbExamplesSqlite:437 - Missing JSON key: board_cpn
2024-10-10 19:48:35,304 [ERROR] DbExamplesSqlite:437 - Missing JSON key: board_cpn
2024-10-10 19:48:35,399 [ERROR] DbExamplesSqlite:437 - Missing JSON key: board_cpn
2024-10-10 19:48:35,400 [ERROR] DbExamplesSqlite:437 - Missing JSON key: board_cpn
2024-10-10 19:48:35,400 [ERROR] DbExamplesSqlite:437 - Missing JSON key: board_cpn
2024-10-10 19:48:35,400 [ERROR] DbExamplesSqlite:437 - Missing JSON key: board_cpn
2024-10-10 19:48:35,400 [ERROR] DbExamplesSqlite:437 - Missing JSON key: board_cpn
2024-10-10 19:48:35,400 [ERROR] DbExamplesSqlite:437 - Missing JSON key: board_cpn
2024-10-10 19:48:35,400 [ERROR] DbExamplesSqlite:437 - Missing JSON key: board_cpn
2024-10-10 19:48:35,400 [ERROR] DbExamplesSqlite:437 - Missing JSON key: board_cpn
2024-10-10 19:48:35,400 [ERROR] DbExamplesSqlite:437 - Missing JSON key: board_cpn
2024-10-10 19:48:35,402 [INFO] DbExamplesSqlite:395 - Ignored 28 examples not supported by CubeIDE
2024-10-10 19:48:35,402 [INFO] DbExamplesSqlite:396 - Found 8614 examples active
2024-10-10 19:48:35,402 [INFO] DbExamplesSqlite:397 - Found 0 examples obsolete
2024-10-10 19:48:35,402 [INFO] DbExamplesSqlite:398 - Found 0 examples under development
2024-10-10 19:48:35,402 [INFO] DbExamplesSqlite:399 - Found 10 examples not building
2024-10-10 19:48:35,403 [INFO] DbExamples:125 - Found 8596 examples
2024-10-10 19:48:35,443 [ERROR] DbExamples:208 - Found 206 examples with invalid data (board or MCU)
2024-10-10 19:48:35,443 [INFO] DbExamples:222 - Found 107 boards with related examples
2024-10-10 19:48:35,444 [INFO] DbExamples:235 - Found 87 MCUs with related examples
2024-10-10 19:48:35,456 [INFO] ApiDb:414 - User favorites file not found: C:\Users\ADMIN/.stm32cubeide/favorites.examples.txt
2024-10-10 19:48:35,456 [INFO] DbExamples:250 - Set 0 / 0 favorites Examples
2024-10-10 19:48:35,650 [INFO] McuFinderGlobals:76 - Set McuFinderConnectedMode to true
2024-10-10 19:48:35,656 [INFO] MultiScanPanel:200 - Auto-refresh data requested => check proxy status ongoing
2024-10-10 19:48:35,658 [INFO] FinderPluginLoader:95 - Searching for filters in installed packs
2024-10-10 19:48:36,395 [INFO] LoadUrlFilesThread:185 - End of LoadServerUrlFiles without Thread
2024-10-10 19:48:36,419 [INFO] DetailPanel:341 - Set advertising image to C:/Users/ADMIN/STM32Cube/Repository/\en.prom-stm32c071-usb-memories-mcu-finder.png
2024-10-10 19:48:40,095 [ERROR] LogOutputStream:75 - [STDERR_REDIRECT] SLF4J: Failed to load class "org.slf4j.impl.StaticLoggerBinder".
2024-10-10 19:48:40,095 [ERROR] LogOutputStream:75 - [STDERR_REDIRECT] SLF4J: Defaulting to no-operation (NOP) logger implementation
2024-10-10 19:48:40,095 [ERROR] LogOutputStream:75 - [STDERR_REDIRECT] SLF4J: See http://www.slf4j.org/codes.html#StaticLoggerBinder for further details.
2024-10-10 19:50:20,385 [INFO] McuFinderGlobals:76 - Set McuFinderConnectedMode to true
2024-10-10 19:50:20,387 [INFO] ApiDb:448 - Save user favorites file C:\Users\ADMIN/.stm32cubeide/favorites.mcus.txt: 0 item(s)
2024-10-10 19:50:20,387 [INFO] ApiDb:452 - User favorites MCUs=[]
